[2023-06-02 21:48:45,018] [main] [INFO] - c.m.s.Demo2Application 50 Starting Demo2Application on qiu with PID 266884 (/home/mengka/work_2023/all-tutorial/springboot-mvc-mariadb/target/classes started by mengka in /home/mengka/work_2023/all-tutorial/springboot-mvc-mariadb)
[2023-06-02 21:48:45,020] [main] [INFO] - c.m.s.Demo2Application 675 No active profile set, falling back to default profiles: default
[2023-06-02 21:48:45,396] [main] [INFO] - o.s.d.r.c.RepositoryConfigurationDelegate 126 Bootstrapping Spring Data repositories in DEFAULT mode.
[2023-06-02 21:48:45,437] [main] [INFO] - o.s.d.r.c.RepositoryConfigurationDelegate 182 Finished Spring Data repository scanning in 36ms. Found 1 repository interfaces.
[2023-06-02 21:48:45,674] [main] [INFO] - o.s.c.s.PostProcessorRegistrationDelegate$BeanPostProcessorChecker 330 Bean 'org.springframework.transaction.annotation.ProxyTransactionManagementConfiguration' of type [org.springframework.transaction.annotation.ProxyTransactionManagementConfiguration$$EnhancerBySpringCGLIB$$a766d08d] is not eligible for getting processed by all BeanPostProcessors (for example: not eligible for auto-proxying)
[2023-06-02 21:48:45,687] [main] [INFO] - o.s.c.s.PostProcessorRegistrationDelegate$BeanPostProcessorChecker 330 Bean 'org.springframework.hateoas.config.HateoasConfiguration' of type [org.springframework.hateoas.config.HateoasConfiguration$$EnhancerBySpringCGLIB$$26e71dbf] is not eligible for getting processed by all BeanPostProcessors (for example: not eligible for auto-proxying)
[2023-06-02 21:48:45,923] [main] [INFO] - o.s.b.w.e.t.TomcatWebServer 90 Tomcat initialized with port(s): 8071 (http)
[2023-06-02 21:48:45,931] [main] [INFO] - o.a.c.h.Http11NioProtocol 173 Initializing ProtocolHandler ["http-nio-8071"]
[2023-06-02 21:48:45,936] [main] [INFO] - o.a.c.c.StandardService 173 Starting service [Tomcat]
[2023-06-02 21:48:45,937] [main] [INFO] - o.a.c.c.StandardEngine 173 Starting Servlet Engine: Apache Tomcat/9.0.13
[2023-06-02 21:48:45,941] [main] [INFO] - o.a.c.c.AprLifecycleListener 173 The APR based Apache Tomcat Native library which allows optimal performance in production environments was not found on the java.library.path: [/usr/java/packages/lib/amd64:/usr/lib64:/lib64:/lib:/usr/lib]
[2023-06-02 21:48:45,995] [main] [INFO] - o.a.c.c.C.[.[.[/] 173 Initializing Spring embedded WebApplicationContext
[2023-06-02 21:48:45,996] [main] [INFO] - o.s.w.c.ContextLoader 296 Root WebApplicationContext: initialization completed in 953 ms
[2023-06-02 21:48:46,122] [main] [INFO] - c.z.h.HikariDataSource 95 HikariPool-1 - Starting...
[2023-06-02 21:48:46,183] [main] [INFO] - c.z.h.HikariDataSource 107 HikariPool-1 - Start completed.
[2023-06-02 21:48:46,218] [main] [INFO] - o.h.j.i.u.LogHelper 31 HHH000204: Processing PersistenceUnitInfo [
	name: default
	...]
[2023-06-02 21:48:46,261] [main] [INFO] - o.h.Version 46 HHH000412: Hibernate Core {5.3.7.Final}
[2023-06-02 21:48:46,262] [main] [INFO] - o.h.c.Environment 213 HHH000206: hibernate.properties not found
[2023-06-02 21:48:46,347] [main] [INFO] - o.h.a.c.Version 49 HCANN000001: Hibernate Commons Annotations {5.0.4.Final}
[2023-06-02 21:48:46,428] [main] [INFO] - o.h.d.Dialect 157 HHH000400: Using dialect: org.hibernate.dialect.MariaDB103Dialect
[2023-06-02 21:48:46,753] [main] [INFO] - o.s.o.j.LocalContainerEntityManagerFactoryBean 415 Initialized JPA EntityManagerFactory for persistence unit 'default'
[2023-06-02 21:48:47,306] [main] [INFO] - o.s.s.c.ThreadPoolTaskExecutor 171 Initializing ExecutorService 'applicationTaskExecutor'
[2023-06-02 21:48:47,338] [main] [WARN] - o.s.b.a.o.j.JpaBaseConfiguration$JpaWebConfiguration$JpaWebMvcConfiguration 234 spring.jpa.open-in-view is enabled by default. Therefore, database queries may be performed during view rendering. Explicitly configure spring.jpa.open-in-view to disable this warning
[2023-06-02 21:48:47,631] [main] [INFO] - o.a.c.h.Http11NioProtocol 173 Starting ProtocolHandler ["http-nio-8071"]
[2023-06-02 21:48:47,634] [main] [INFO] - o.a.t.u.n.NioSelectorPool 173 Using a shared selector for servlet write/read
[2023-06-02 21:48:47,642] [main] [INFO] - o.s.b.w.e.t.TomcatWebServer 204 Tomcat started on port(s): 8071 (http) with context path ''
[2023-06-02 21:48:47,644] [main] [INFO] - c.m.s.Demo2Application 59 Started Demo2Application in 2.83 seconds (JVM running for 3.252)
[2023-06-02 21:48:47,645] [main] [INFO] - c.m.s.c.ApplicationStartupRunner 41 ----------, DATASOURCE = HikariDataSource (HikariPool-1)
[2023-06-02 21:49:01,122] [main] [INFO] - c.m.s.c.ApplicationStartupRunner 45 ----------, [{"columnName":"id","columnType":"BIGINT","javaClassName":"java.lang.Long","remarks":""},{"columnName":"title","columnType":"VARCHAR","javaClassName":"java.lang.String","remarks":""},{"columnName":"content","columnType":"VARCHAR","javaClassName":"java.lang.String","remarks":""}]
[2023-06-02 21:49:02,250] [main] [INFO] - c.m.s.c.ApplicationStartupRunner 48 ----------, Display all customers...
[2023-06-02 21:49:02,738] [main] [WARN] - o.h.e.j.s.SqlExceptionHelper 137 SQL Error: 1146, SQLState: 42S02
[2023-06-02 21:49:04,234] [main] [INFO] - o.s.b.a.l.ConditionEvaluationReportLoggingListener 142 

Error starting ApplicationContext. To display the conditions report re-run your application with 'debug' enabled.
[2023-06-02 21:49:04,250] [main] [INFO] - o.s.s.c.ThreadPoolTaskExecutor 208 Shutting down ExecutorService 'applicationTaskExecutor'
[2023-06-02 21:49:04,251] [main] [INFO] - o.s.o.j.LocalContainerEntityManagerFactoryBean 597 Closing JPA EntityManagerFactory for persistence unit 'default'
[2023-06-02 21:49:04,252] [main] [INFO] - c.z.h.HikariDataSource 317 HikariPool-1 - Shutdown initiated...
[2023-06-02 21:49:04,254] [main] [INFO] - c.z.h.HikariDataSource 319 HikariPool-1 - Shutdown completed.
[2023-06-02 21:51:52,105] [main] [INFO] - c.m.s.Demo2Application 50 Starting Demo2Application on qiu with PID 291539 (/home/mengka/work_2023/all-tutorial/springboot-mvc-mariadb/target/classes started by mengka in /home/mengka/work_2023/all-tutorial/springboot-mvc-mariadb)
[2023-06-02 21:51:52,108] [main] [INFO] - c.m.s.Demo2Application 675 No active profile set, falling back to default profiles: default
[2023-06-02 21:51:52,476] [main] [INFO] - o.s.d.r.c.RepositoryConfigurationDelegate 126 Bootstrapping Spring Data repositories in DEFAULT mode.
[2023-06-02 21:51:52,514] [main] [INFO] - o.s.d.r.c.RepositoryConfigurationDelegate 182 Finished Spring Data repository scanning in 34ms. Found 1 repository interfaces.
[2023-06-02 21:51:52,736] [main] [INFO] - o.s.c.s.PostProcessorRegistrationDelegate$BeanPostProcessorChecker 330 Bean 'org.springframework.transaction.annotation.ProxyTransactionManagementConfiguration' of type [org.springframework.transaction.annotation.ProxyTransactionManagementConfiguration$$EnhancerBySpringCGLIB$$d91896a9] is not eligible for getting processed by all BeanPostProcessors (for example: not eligible for auto-proxying)
[2023-06-02 21:51:52,748] [main] [INFO] - o.s.c.s.PostProcessorRegistrationDelegate$BeanPostProcessorChecker 330 Bean 'org.springframework.hateoas.config.HateoasConfiguration' of type [org.springframework.hateoas.config.HateoasConfiguration$$EnhancerBySpringCGLIB$$5898e3db] is not eligible for getting processed by all BeanPostProcessors (for example: not eligible for auto-proxying)
[2023-06-02 21:51:52,944] [main] [INFO] - o.s.b.w.e.t.TomcatWebServer 90 Tomcat initialized with port(s): 8071 (http)
[2023-06-02 21:51:52,952] [main] [INFO] - o.a.c.h.Http11NioProtocol 173 Initializing ProtocolHandler ["http-nio-8071"]
[2023-06-02 21:51:52,958] [main] [INFO] - o.a.c.c.StandardService 173 Starting service [Tomcat]
[2023-06-02 21:51:52,959] [main] [INFO] - o.a.c.c.StandardEngine 173 Starting Servlet Engine: Apache Tomcat/9.0.13
[2023-06-02 21:51:52,963] [main] [INFO] - o.a.c.c.AprLifecycleListener 173 The APR based Apache Tomcat Native library which allows optimal performance in production environments was not found on the java.library.path: [/usr/java/packages/lib/amd64:/usr/lib64:/lib64:/lib:/usr/lib]
[2023-06-02 21:51:53,017] [main] [INFO] - o.a.c.c.C.[.[.[/] 173 Initializing Spring embedded WebApplicationContext
[2023-06-02 21:51:53,017] [main] [INFO] - o.s.w.c.ContextLoader 296 Root WebApplicationContext: initialization completed in 881 ms
[2023-06-02 21:51:53,135] [main] [INFO] - c.z.h.HikariDataSource 95 HikariPool-1 - Starting...
[2023-06-02 21:51:53,199] [main] [INFO] - c.z.h.HikariDataSource 107 HikariPool-1 - Start completed.
[2023-06-02 21:51:53,232] [main] [INFO] - o.h.j.i.u.LogHelper 31 HHH000204: Processing PersistenceUnitInfo [
	name: default
	...]
[2023-06-02 21:51:53,264] [main] [INFO] - o.h.Version 46 HHH000412: Hibernate Core {5.3.7.Final}
[2023-06-02 21:51:53,264] [main] [INFO] - o.h.c.Environment 213 HHH000206: hibernate.properties not found
[2023-06-02 21:51:53,326] [main] [INFO] - o.h.a.c.Version 49 HCANN000001: Hibernate Commons Annotations {5.0.4.Final}
[2023-06-02 21:51:53,396] [main] [INFO] - o.h.d.Dialect 157 HHH000400: Using dialect: org.hibernate.dialect.MariaDB103Dialect
[2023-06-02 21:51:53,694] [main] [INFO] - o.s.o.j.LocalContainerEntityManagerFactoryBean 415 Initialized JPA EntityManagerFactory for persistence unit 'default'
[2023-06-02 21:51:54,188] [main] [INFO] - o.s.s.c.ThreadPoolTaskExecutor 171 Initializing ExecutorService 'applicationTaskExecutor'
[2023-06-02 21:51:54,218] [main] [WARN] - o.s.b.a.o.j.JpaBaseConfiguration$JpaWebConfiguration$JpaWebMvcConfiguration 234 spring.jpa.open-in-view is enabled by default. Therefore, database queries may be performed during view rendering. Explicitly configure spring.jpa.open-in-view to disable this warning
[2023-06-02 21:51:54,492] [main] [INFO] - o.a.c.h.Http11NioProtocol 173 Starting ProtocolHandler ["http-nio-8071"]
[2023-06-02 21:51:54,495] [main] [INFO] - o.a.t.u.n.NioSelectorPool 173 Using a shared selector for servlet write/read
[2023-06-02 21:51:54,503] [main] [INFO] - o.s.b.w.e.t.TomcatWebServer 204 Tomcat started on port(s): 8071 (http) with context path ''
[2023-06-02 21:51:54,505] [main] [INFO] - c.m.s.Demo2Application 59 Started Demo2Application in 2.606 seconds (JVM running for 3.032)
[2023-06-02 21:51:54,507] [main] [INFO] - c.m.s.c.ApplicationStartupRunner 41 ----------, DATASOURCE = HikariDataSource (HikariPool-1)
[2023-06-02 21:51:55,762] [main] [INFO] - c.m.s.c.ApplicationStartupRunner 45 ----------, [{"columnName":"id","columnType":"BIGINT","javaClassName":"java.lang.Long","remarks":""},{"columnName":"title","columnType":"VARCHAR","javaClassName":"java.lang.String","remarks":""},{"columnName":"content","columnType":"VARCHAR","javaClassName":"java.lang.String","remarks":""}]
[2023-06-02 21:51:56,144] [main] [INFO] - c.m.s.c.ApplicationStartupRunner 48 ----------, Display all customers...
[2023-06-02 21:51:56,686] [main] [WARN] - o.h.e.j.s.SqlExceptionHelper 137 SQL Error: 1054, SQLState: 42S22
[2023-06-02 21:51:57,946] [main] [INFO] - o.s.b.a.l.ConditionEvaluationReportLoggingListener 142 

Error starting ApplicationContext. To display the conditions report re-run your application with 'debug' enabled.
[2023-06-02 21:51:57,961] [main] [INFO] - o.s.s.c.ThreadPoolTaskExecutor 208 Shutting down ExecutorService 'applicationTaskExecutor'
[2023-06-02 21:51:57,962] [main] [INFO] - o.s.o.j.LocalContainerEntityManagerFactoryBean 597 Closing JPA EntityManagerFactory for persistence unit 'default'
[2023-06-02 21:51:57,963] [main] [INFO] - c.z.h.HikariDataSource 317 HikariPool-1 - Shutdown initiated...
[2023-06-02 21:51:57,965] [main] [INFO] - c.z.h.HikariDataSource 319 HikariPool-1 - Shutdown completed.
[2023-06-02 21:53:32,311] [main] [INFO] - c.m.s.Demo2Application 50 Starting Demo2Application on qiu with PID 304943 (/home/mengka/work_2023/all-tutorial/springboot-mvc-mariadb/target/classes started by mengka in /home/mengka/work_2023/all-tutorial/springboot-mvc-mariadb)
[2023-06-02 21:53:32,314] [main] [INFO] - c.m.s.Demo2Application 675 No active profile set, falling back to default profiles: default
[2023-06-02 21:53:32,697] [main] [INFO] - o.s.d.r.c.RepositoryConfigurationDelegate 126 Bootstrapping Spring Data repositories in DEFAULT mode.
[2023-06-02 21:53:32,738] [main] [INFO] - o.s.d.r.c.RepositoryConfigurationDelegate 182 Finished Spring Data repository scanning in 36ms. Found 1 repository interfaces.
[2023-06-02 21:53:32,970] [main] [INFO] - o.s.c.s.PostProcessorRegistrationDelegate$BeanPostProcessorChecker 330 Bean 'org.springframework.transaction.annotation.ProxyTransactionManagementConfiguration' of type [org.springframework.transaction.annotation.ProxyTransactionManagementConfiguration$$EnhancerBySpringCGLIB$$60229a08] is not eligible for getting processed by all BeanPostProcessors (for example: not eligible for auto-proxying)
[2023-06-02 21:53:32,982] [main] [INFO] - o.s.c.s.PostProcessorRegistrationDelegate$BeanPostProcessorChecker 330 Bean 'org.springframework.hateoas.config.HateoasConfiguration' of type [org.springframework.hateoas.config.HateoasConfiguration$$EnhancerBySpringCGLIB$$dfa2e73a] is not eligible for getting processed by all BeanPostProcessors (for example: not eligible for auto-proxying)
[2023-06-02 21:53:33,176] [main] [INFO] - o.s.b.w.e.t.TomcatWebServer 90 Tomcat initialized with port(s): 8071 (http)
[2023-06-02 21:53:33,184] [main] [INFO] - o.a.c.h.Http11NioProtocol 173 Initializing ProtocolHandler ["http-nio-8071"]
[2023-06-02 21:53:33,190] [main] [INFO] - o.a.c.c.StandardService 173 Starting service [Tomcat]
[2023-06-02 21:53:33,190] [main] [INFO] - o.a.c.c.StandardEngine 173 Starting Servlet Engine: Apache Tomcat/9.0.13
[2023-06-02 21:53:33,194] [main] [INFO] - o.a.c.c.AprLifecycleListener 173 The APR based Apache Tomcat Native library which allows optimal performance in production environments was not found on the java.library.path: [/usr/java/packages/lib/amd64:/usr/lib64:/lib64:/lib:/usr/lib]
[2023-06-02 21:53:33,240] [main] [INFO] - o.a.c.c.C.[.[.[/] 173 Initializing Spring embedded WebApplicationContext
[2023-06-02 21:53:33,241] [main] [INFO] - o.s.w.c.ContextLoader 296 Root WebApplicationContext: initialization completed in 898 ms
[2023-06-02 21:53:33,381] [main] [INFO] - c.z.h.HikariDataSource 95 HikariPool-1 - Starting...
[2023-06-02 21:53:33,446] [main] [INFO] - c.z.h.HikariDataSource 107 HikariPool-1 - Start completed.
[2023-06-02 21:53:33,478] [main] [INFO] - o.h.j.i.u.LogHelper 31 HHH000204: Processing PersistenceUnitInfo [
	name: default
	...]
[2023-06-02 21:53:33,509] [main] [INFO] - o.h.Version 46 HHH000412: Hibernate Core {5.3.7.Final}
[2023-06-02 21:53:33,510] [main] [INFO] - o.h.c.Environment 213 HHH000206: hibernate.properties not found
[2023-06-02 21:53:33,570] [main] [INFO] - o.h.a.c.Version 49 HCANN000001: Hibernate Commons Annotations {5.0.4.Final}
[2023-06-02 21:53:33,642] [main] [INFO] - o.h.d.Dialect 157 HHH000400: Using dialect: org.hibernate.dialect.MariaDB103Dialect
[2023-06-02 21:53:33,935] [main] [INFO] - o.s.o.j.LocalContainerEntityManagerFactoryBean 415 Initialized JPA EntityManagerFactory for persistence unit 'default'
[2023-06-02 21:53:34,435] [main] [INFO] - o.s.s.c.ThreadPoolTaskExecutor 171 Initializing ExecutorService 'applicationTaskExecutor'
[2023-06-02 21:53:34,467] [main] [WARN] - o.s.b.a.o.j.JpaBaseConfiguration$JpaWebConfiguration$JpaWebMvcConfiguration 234 spring.jpa.open-in-view is enabled by default. Therefore, database queries may be performed during view rendering. Explicitly configure spring.jpa.open-in-view to disable this warning
[2023-06-02 21:53:34,763] [main] [INFO] - o.a.c.h.Http11NioProtocol 173 Starting ProtocolHandler ["http-nio-8071"]
[2023-06-02 21:53:34,766] [main] [INFO] - o.a.t.u.n.NioSelectorPool 173 Using a shared selector for servlet write/read
[2023-06-02 21:53:34,772] [main] [INFO] - o.s.b.w.e.t.TomcatWebServer 204 Tomcat started on port(s): 8071 (http) with context path ''
[2023-06-02 21:53:34,774] [main] [INFO] - c.m.s.Demo2Application 59 Started Demo2Application in 2.652 seconds (JVM running for 3.044)
[2023-06-02 21:53:34,775] [main] [INFO] - c.m.s.c.ApplicationStartupRunner 41 ----------, DATASOURCE = HikariDataSource (HikariPool-1)
[2023-06-02 21:53:36,640] [main] [INFO] - c.m.s.c.ApplicationStartupRunner 45 ----------, [{"columnName":"id","columnType":"BIGINT","javaClassName":"java.lang.Long","remarks":""},{"columnName":"title","columnType":"VARCHAR","javaClassName":"java.lang.String","remarks":""},{"columnName":"content","columnType":"VARCHAR","javaClassName":"java.lang.String","remarks":""},{"columnName":"create_time","columnType":"TIMESTAMP","javaClassName":"java.sql.Timestamp","remarks":""},{"columnName":"update_time","columnType":"TIMESTAMP","javaClassName":"java.sql.Timestamp","remarks":""}]
[2023-06-02 21:53:36,960] [main] [INFO] - c.m.s.c.ApplicationStartupRunner 48 ----------, Display all customers...
[2023-06-02 21:53:37,455] [main] [WARN] - o.h.e.j.s.SqlExceptionHelper 137 SQL Error: 1364, SQLState: HY000
[2023-06-02 21:53:38,694] [main] [INFO] - o.s.b.a.l.ConditionEvaluationReportLoggingListener 142 

Error starting ApplicationContext. To display the conditions report re-run your application with 'debug' enabled.
[2023-06-02 21:53:38,719] [main] [INFO] - o.s.s.c.ThreadPoolTaskExecutor 208 Shutting down ExecutorService 'applicationTaskExecutor'
[2023-06-02 21:53:38,720] [main] [INFO] - o.s.o.j.LocalContainerEntityManagerFactoryBean 597 Closing JPA EntityManagerFactory for persistence unit 'default'
[2023-06-02 21:53:38,723] [main] [INFO] - c.z.h.HikariDataSource 317 HikariPool-1 - Shutdown initiated...
[2023-06-02 21:53:38,726] [main] [INFO] - c.z.h.HikariDataSource 319 HikariPool-1 - Shutdown completed.
[2023-06-02 21:55:17,648] [main] [INFO] - c.m.s.Demo2Application 50 Starting Demo2Application on qiu with PID 318786 (/home/mengka/work_2023/all-tutorial/springboot-mvc-mariadb/target/classes started by mengka in /home/mengka/work_2023/all-tutorial/springboot-mvc-mariadb)
[2023-06-02 21:55:17,651] [main] [INFO] - c.m.s.Demo2Application 675 No active profile set, falling back to default profiles: default
[2023-06-02 21:55:18,014] [main] [INFO] - o.s.d.r.c.RepositoryConfigurationDelegate 126 Bootstrapping Spring Data repositories in DEFAULT mode.
[2023-06-02 21:55:18,051] [main] [INFO] - o.s.d.r.c.RepositoryConfigurationDelegate 182 Finished Spring Data repository scanning in 33ms. Found 1 repository interfaces.
[2023-06-02 21:55:18,253] [main] [INFO] - o.s.c.s.PostProcessorRegistrationDelegate$BeanPostProcessorChecker 330 Bean 'org.springframework.transaction.annotation.ProxyTransactionManagementConfiguration' of type [org.springframework.transaction.annotation.ProxyTransactionManagementConfiguration$$EnhancerBySpringCGLIB$$236152a2] is not eligible for getting processed by all BeanPostProcessors (for example: not eligible for auto-proxying)
[2023-06-02 21:55:18,264] [main] [INFO] - o.s.c.s.PostProcessorRegistrationDelegate$BeanPostProcessorChecker 330 Bean 'org.springframework.hateoas.config.HateoasConfiguration' of type [org.springframework.hateoas.config.HateoasConfiguration$$EnhancerBySpringCGLIB$$a2e19fd4] is not eligible for getting processed by all BeanPostProcessors (for example: not eligible for auto-proxying)
[2023-06-02 21:55:18,450] [main] [INFO] - o.s.b.w.e.t.TomcatWebServer 90 Tomcat initialized with port(s): 8071 (http)
[2023-06-02 21:55:18,458] [main] [INFO] - o.a.c.h.Http11NioProtocol 173 Initializing ProtocolHandler ["http-nio-8071"]
[2023-06-02 21:55:18,463] [main] [INFO] - o.a.c.c.StandardService 173 Starting service [Tomcat]
[2023-06-02 21:55:18,464] [main] [INFO] - o.a.c.c.StandardEngine 173 Starting Servlet Engine: Apache Tomcat/9.0.13
[2023-06-02 21:55:18,468] [main] [INFO] - o.a.c.c.AprLifecycleListener 173 The APR based Apache Tomcat Native library which allows optimal performance in production environments was not found on the java.library.path: [/usr/java/packages/lib/amd64:/usr/lib64:/lib64:/lib:/usr/lib]
[2023-06-02 21:55:18,514] [main] [INFO] - o.a.c.c.C.[.[.[/] 173 Initializing Spring embedded WebApplicationContext
[2023-06-02 21:55:18,514] [main] [INFO] - o.s.w.c.ContextLoader 296 Root WebApplicationContext: initialization completed in 840 ms
[2023-06-02 21:55:18,649] [main] [INFO] - c.z.h.HikariDataSource 95 HikariPool-1 - Starting...
[2023-06-02 21:55:18,709] [main] [INFO] - c.z.h.HikariDataSource 107 HikariPool-1 - Start completed.
[2023-06-02 21:55:18,743] [main] [INFO] - o.h.j.i.u.LogHelper 31 HHH000204: Processing PersistenceUnitInfo [
	name: default
	...]
[2023-06-02 21:55:18,775] [main] [INFO] - o.h.Version 46 HHH000412: Hibernate Core {5.3.7.Final}
[2023-06-02 21:55:18,776] [main] [INFO] - o.h.c.Environment 213 HHH000206: hibernate.properties not found
[2023-06-02 21:55:18,835] [main] [INFO] - o.h.a.c.Version 49 HCANN000001: Hibernate Commons Annotations {5.0.4.Final}
[2023-06-02 21:55:18,904] [main] [INFO] - o.h.d.Dialect 157 HHH000400: Using dialect: org.hibernate.dialect.MariaDB103Dialect
[2023-06-02 21:55:19,204] [main] [INFO] - o.s.o.j.LocalContainerEntityManagerFactoryBean 415 Initialized JPA EntityManagerFactory for persistence unit 'default'
[2023-06-02 21:55:19,702] [main] [INFO] - o.s.s.c.ThreadPoolTaskExecutor 171 Initializing ExecutorService 'applicationTaskExecutor'
[2023-06-02 21:55:19,734] [main] [WARN] - o.s.b.a.o.j.JpaBaseConfiguration$JpaWebConfiguration$JpaWebMvcConfiguration 234 spring.jpa.open-in-view is enabled by default. Therefore, database queries may be performed during view rendering. Explicitly configure spring.jpa.open-in-view to disable this warning
[2023-06-02 21:55:20,038] [main] [INFO] - o.a.c.h.Http11NioProtocol 173 Starting ProtocolHandler ["http-nio-8071"]
[2023-06-02 21:55:20,041] [main] [INFO] - o.a.t.u.n.NioSelectorPool 173 Using a shared selector for servlet write/read
[2023-06-02 21:55:20,048] [main] [INFO] - o.s.b.w.e.t.TomcatWebServer 204 Tomcat started on port(s): 8071 (http) with context path ''
[2023-06-02 21:55:20,050] [main] [INFO] - c.m.s.Demo2Application 59 Started Demo2Application in 2.599 seconds (JVM running for 3.011)
[2023-06-02 21:55:20,051] [main] [INFO] - c.m.s.c.ApplicationStartupRunner 41 ----------, DATASOURCE = HikariDataSource (HikariPool-1)
[2023-06-02 21:55:22,165] [main] [INFO] - c.m.s.c.ApplicationStartupRunner 45 ----------, [{"columnName":"id","columnType":"BIGINT","javaClassName":"java.lang.Long","remarks":""},{"columnName":"title","columnType":"VARCHAR","javaClassName":"java.lang.String","remarks":""},{"columnName":"content","columnType":"VARCHAR","javaClassName":"java.lang.String","remarks":""},{"columnName":"create_time","columnType":"TIMESTAMP","javaClassName":"java.sql.Timestamp","remarks":""},{"columnName":"update_time","columnType":"TIMESTAMP","javaClassName":"java.sql.Timestamp","remarks":""}]
[2023-06-02 21:55:22,446] [main] [INFO] - c.m.s.c.ApplicationStartupRunner 48 ----------, Display all customers...
[2023-06-02 21:55:23,423] [main] [INFO] - o.h.h.i.QueryTranslatorFactoryInitiator 47 HHH000397: Using ASTQueryTranslatorFactory
[2023-06-02 21:56:31,620] [HikariPool-1 housekeeper] [WARN] - c.z.h.p.HikariPool 676 HikariPool-1 - Thread starvation or clock leap detected (housekeeper delta=1m12s810ms26µs35ns).
[2023-06-02 21:56:36,163] [main] [INFO] - c.m.s.c.ApplicationStartupRunner 83 -----------, noteJson = {"title":"test node 2..","content":"a test","createTime":"Jun 2, 2023 9:55:22 PM","updateTime":"Jun 2, 2023 9:55:22 PM","id":1}
[2023-06-02 21:56:36,168] [main] [INFO] - c.m.s.c.ApplicationStartupRunner 83 -----------, noteJson = {"title":"test node 3..","content":"a test","createTime":"Jun 2, 2023 9:55:22 PM","updateTime":"Jun 2, 2023 9:55:22 PM","id":2}
[2023-06-02 21:57:02,262] [Thread-7] [INFO] - o.s.s.c.ThreadPoolTaskExecutor 208 Shutting down ExecutorService 'applicationTaskExecutor'
[2023-06-02 21:57:02,263] [Thread-7] [INFO] - o.s.o.j.LocalContainerEntityManagerFactoryBean 597 Closing JPA EntityManagerFactory for persistence unit 'default'
[2023-06-02 21:57:02,264] [Thread-7] [INFO] - c.z.h.HikariDataSource 317 HikariPool-1 - Shutdown initiated...
[2023-06-02 21:57:02,265] [Thread-7] [INFO] - c.z.h.HikariDataSource 319 HikariPool-1 - Shutdown completed.
[2023-06-02 21:57:05,926] [main] [INFO] - c.m.s.Demo2Application 50 Starting Demo2Application on qiu with PID 332974 (/home/mengka/work_2023/all-tutorial/springboot-mvc-mariadb/target/classes started by mengka in /home/mengka/work_2023/all-tutorial/springboot-mvc-mariadb)
[2023-06-02 21:57:05,928] [main] [INFO] - c.m.s.Demo2Application 675 No active profile set, falling back to default profiles: default
[2023-06-02 21:57:06,287] [main] [INFO] - o.s.d.r.c.RepositoryConfigurationDelegate 126 Bootstrapping Spring Data repositories in DEFAULT mode.
[2023-06-02 21:57:06,323] [main] [INFO] - o.s.d.r.c.RepositoryConfigurationDelegate 182 Finished Spring Data repository scanning in 32ms. Found 1 repository interfaces.
[2023-06-02 21:57:06,542] [main] [INFO] - o.s.c.s.PostProcessorRegistrationDelegate$BeanPostProcessorChecker 330 Bean 'org.springframework.transaction.annotation.ProxyTransactionManagementConfiguration' of type [org.springframework.transaction.annotation.ProxyTransactionManagementConfiguration$$EnhancerBySpringCGLIB$$7adfaa0a] is not eligible for getting processed by all BeanPostProcessors (for example: not eligible for auto-proxying)
[2023-06-02 21:57:06,554] [main] [INFO] - o.s.c.s.PostProcessorRegistrationDelegate$BeanPostProcessorChecker 330 Bean 'org.springframework.hateoas.config.HateoasConfiguration' of type [org.springframework.hateoas.config.HateoasConfiguration$$EnhancerBySpringCGLIB$$fa5ff73c] is not eligible for getting processed by all BeanPostProcessors (for example: not eligible for auto-proxying)
[2023-06-02 21:57:06,741] [main] [INFO] - o.s.b.w.e.t.TomcatWebServer 90 Tomcat initialized with port(s): 8071 (http)
[2023-06-02 21:57:06,749] [main] [INFO] - o.a.c.h.Http11NioProtocol 173 Initializing ProtocolHandler ["http-nio-8071"]
[2023-06-02 21:57:06,754] [main] [INFO] - o.a.c.c.StandardService 173 Starting service [Tomcat]
[2023-06-02 21:57:06,754] [main] [INFO] - o.a.c.c.StandardEngine 173 Starting Servlet Engine: Apache Tomcat/9.0.13
[2023-06-02 21:57:06,758] [main] [INFO] - o.a.c.c.AprLifecycleListener 173 The APR based Apache Tomcat Native library which allows optimal performance in production environments was not found on the java.library.path: [/usr/java/packages/lib/amd64:/usr/lib64:/lib64:/lib:/usr/lib]
[2023-06-02 21:57:06,811] [main] [INFO] - o.a.c.c.C.[.[.[/] 173 Initializing Spring embedded WebApplicationContext
[2023-06-02 21:57:06,812] [main] [INFO] - o.s.w.c.ContextLoader 296 Root WebApplicationContext: initialization completed in 863 ms
[2023-06-02 21:57:06,927] [main] [INFO] - c.z.h.HikariDataSource 95 HikariPool-1 - Starting...
[2023-06-02 21:57:06,996] [main] [INFO] - c.z.h.HikariDataSource 107 HikariPool-1 - Start completed.
[2023-06-02 21:57:07,029] [main] [INFO] - o.h.j.i.u.LogHelper 31 HHH000204: Processing PersistenceUnitInfo [
	name: default
	...]
[2023-06-02 21:57:07,060] [main] [INFO] - o.h.Version 46 HHH000412: Hibernate Core {5.3.7.Final}
[2023-06-02 21:57:07,061] [main] [INFO] - o.h.c.Environment 213 HHH000206: hibernate.properties not found
[2023-06-02 21:57:07,120] [main] [INFO] - o.h.a.c.Version 49 HCANN000001: Hibernate Commons Annotations {5.0.4.Final}
[2023-06-02 21:57:07,192] [main] [INFO] - o.h.d.Dialect 157 HHH000400: Using dialect: org.hibernate.dialect.MariaDB103Dialect
[2023-06-02 21:57:07,502] [main] [INFO] - o.s.o.j.LocalContainerEntityManagerFactoryBean 415 Initialized JPA EntityManagerFactory for persistence unit 'default'
[2023-06-02 21:57:07,972] [main] [INFO] - o.s.s.c.ThreadPoolTaskExecutor 171 Initializing ExecutorService 'applicationTaskExecutor'
[2023-06-02 21:57:08,001] [main] [WARN] - o.s.b.a.o.j.JpaBaseConfiguration$JpaWebConfiguration$JpaWebMvcConfiguration 234 spring.jpa.open-in-view is enabled by default. Therefore, database queries may be performed during view rendering. Explicitly configure spring.jpa.open-in-view to disable this warning
[2023-06-02 21:57:08,278] [main] [INFO] - o.a.c.h.Http11NioProtocol 173 Starting ProtocolHandler ["http-nio-8071"]
[2023-06-02 21:57:08,281] [main] [INFO] - o.a.t.u.n.NioSelectorPool 173 Using a shared selector for servlet write/read
[2023-06-02 21:57:08,288] [main] [INFO] - o.s.b.w.e.t.TomcatWebServer 204 Tomcat started on port(s): 8071 (http) with context path ''
[2023-06-02 21:57:08,290] [main] [INFO] - c.m.s.Demo2Application 59 Started Demo2Application in 2.545 seconds (JVM running for 2.932)
[2023-06-02 21:57:08,291] [main] [INFO] - c.m.s.c.ApplicationStartupRunner 41 ----------, DATASOURCE = HikariDataSource (HikariPool-1)
[2023-06-02 21:57:10,190] [main] [INFO] - c.m.s.c.ApplicationStartupRunner 45 ----------, [{"columnName":"id","columnType":"BIGINT","javaClassName":"java.lang.Long","remarks":""},{"columnName":"title","columnType":"VARCHAR","javaClassName":"java.lang.String","remarks":""},{"columnName":"content","columnType":"VARCHAR","javaClassName":"java.lang.String","remarks":""},{"columnName":"create_time","columnType":"TIMESTAMP","javaClassName":"java.sql.Timestamp","remarks":""},{"columnName":"update_time","columnType":"TIMESTAMP","javaClassName":"java.sql.Timestamp","remarks":""}]
[2023-06-02 21:57:11,983] [main] [INFO] - c.m.s.c.ApplicationStartupRunner 48 ----------, Display all customers...
[2023-06-02 21:57:12,585] [main] [WARN] - o.h.e.j.s.SqlExceptionHelper 137 SQL Error: 1146, SQLState: 42S02
[2023-06-02 21:57:13,662] [main] [INFO] - o.s.b.a.l.ConditionEvaluationReportLoggingListener 142 

Error starting ApplicationContext. To display the conditions report re-run your application with 'debug' enabled.
[2023-06-02 21:57:13,679] [main] [INFO] - o.s.s.c.ThreadPoolTaskExecutor 208 Shutting down ExecutorService 'applicationTaskExecutor'
[2023-06-02 21:57:13,680] [main] [INFO] - o.s.o.j.LocalContainerEntityManagerFactoryBean 597 Closing JPA EntityManagerFactory for persistence unit 'default'
[2023-06-02 21:57:13,681] [main] [INFO] - c.z.h.HikariDataSource 317 HikariPool-1 - Shutdown initiated...
[2023-06-02 21:57:13,683] [main] [INFO] - c.z.h.HikariDataSource 319 HikariPool-1 - Shutdown completed.
[2023-06-02 21:57:24,291] [main] [INFO] - c.m.s.Demo2Application 50 Starting Demo2Application on qiu with PID 335422 (/home/mengka/work_2023/all-tutorial/springboot-mvc-mariadb/target/classes started by mengka in /home/mengka/work_2023/all-tutorial/springboot-mvc-mariadb)
[2023-06-02 21:57:24,293] [main] [INFO] - c.m.s.Demo2Application 675 No active profile set, falling back to default profiles: default
[2023-06-02 21:57:24,637] [main] [INFO] - o.s.d.r.c.RepositoryConfigurationDelegate 126 Bootstrapping Spring Data repositories in DEFAULT mode.
[2023-06-02 21:57:24,672] [main] [INFO] - o.s.d.r.c.RepositoryConfigurationDelegate 182 Finished Spring Data repository scanning in 32ms. Found 1 repository interfaces.
[2023-06-02 21:57:24,880] [main] [INFO] - o.s.c.s.PostProcessorRegistrationDelegate$BeanPostProcessorChecker 330 Bean 'org.springframework.transaction.annotation.ProxyTransactionManagementConfiguration' of type [org.springframework.transaction.annotation.ProxyTransactionManagementConfiguration$$EnhancerBySpringCGLIB$$27ab3d7c] is not eligible for getting processed by all BeanPostProcessors (for example: not eligible for auto-proxying)
[2023-06-02 21:57:24,893] [main] [INFO] - o.s.c.s.PostProcessorRegistrationDelegate$BeanPostProcessorChecker 330 Bean 'org.springframework.hateoas.config.HateoasConfiguration' of type [org.springframework.hateoas.config.HateoasConfiguration$$EnhancerBySpringCGLIB$$a72b8aae] is not eligible for getting processed by all BeanPostProcessors (for example: not eligible for auto-proxying)
[2023-06-02 21:57:25,082] [main] [INFO] - o.s.b.w.e.t.TomcatWebServer 90 Tomcat initialized with port(s): 8071 (http)
[2023-06-02 21:57:25,089] [main] [INFO] - o.a.c.h.Http11NioProtocol 173 Initializing ProtocolHandler ["http-nio-8071"]
[2023-06-02 21:57:25,094] [main] [INFO] - o.a.c.c.StandardService 173 Starting service [Tomcat]
[2023-06-02 21:57:25,094] [main] [INFO] - o.a.c.c.StandardEngine 173 Starting Servlet Engine: Apache Tomcat/9.0.13
[2023-06-02 21:57:25,098] [main] [INFO] - o.a.c.c.AprLifecycleListener 173 The APR based Apache Tomcat Native library which allows optimal performance in production environments was not found on the java.library.path: [/usr/java/packages/lib/amd64:/usr/lib64:/lib64:/lib:/usr/lib]
[2023-06-02 21:57:25,150] [main] [INFO] - o.a.c.c.C.[.[.[/] 173 Initializing Spring embedded WebApplicationContext
[2023-06-02 21:57:25,150] [main] [INFO] - o.s.w.c.ContextLoader 296 Root WebApplicationContext: initialization completed in 834 ms
[2023-06-02 21:57:25,277] [main] [INFO] - c.z.h.HikariDataSource 95 HikariPool-1 - Starting...
[2023-06-02 21:57:25,340] [main] [INFO] - c.z.h.HikariDataSource 107 HikariPool-1 - Start completed.
[2023-06-02 21:57:25,376] [main] [INFO] - o.h.j.i.u.LogHelper 31 HHH000204: Processing PersistenceUnitInfo [
	name: default
	...]
[2023-06-02 21:57:25,410] [main] [INFO] - o.h.Version 46 HHH000412: Hibernate Core {5.3.7.Final}
[2023-06-02 21:57:25,411] [main] [INFO] - o.h.c.Environment 213 HHH000206: hibernate.properties not found
[2023-06-02 21:57:25,470] [main] [INFO] - o.h.a.c.Version 49 HCANN000001: Hibernate Commons Annotations {5.0.4.Final}
[2023-06-02 21:57:25,537] [main] [INFO] - o.h.d.Dialect 157 HHH000400: Using dialect: org.hibernate.dialect.MariaDB103Dialect
[2023-06-02 21:57:25,821] [main] [INFO] - o.s.o.j.LocalContainerEntityManagerFactoryBean 415 Initialized JPA EntityManagerFactory for persistence unit 'default'
[2023-06-02 21:57:26,289] [main] [INFO] - o.s.s.c.ThreadPoolTaskExecutor 171 Initializing ExecutorService 'applicationTaskExecutor'
[2023-06-02 21:57:26,318] [main] [WARN] - o.s.b.a.o.j.JpaBaseConfiguration$JpaWebConfiguration$JpaWebMvcConfiguration 234 spring.jpa.open-in-view is enabled by default. Therefore, database queries may be performed during view rendering. Explicitly configure spring.jpa.open-in-view to disable this warning
[2023-06-02 21:57:26,592] [main] [INFO] - o.a.c.h.Http11NioProtocol 173 Starting ProtocolHandler ["http-nio-8071"]
[2023-06-02 21:57:26,595] [main] [INFO] - o.a.t.u.n.NioSelectorPool 173 Using a shared selector for servlet write/read
[2023-06-02 21:57:26,602] [main] [INFO] - o.s.b.w.e.t.TomcatWebServer 204 Tomcat started on port(s): 8071 (http) with context path ''
[2023-06-02 21:57:26,604] [main] [INFO] - c.m.s.Demo2Application 59 Started Demo2Application in 2.513 seconds (JVM running for 2.903)
[2023-06-02 21:57:26,605] [main] [INFO] - c.m.s.c.ApplicationStartupRunner 41 ----------, DATASOURCE = HikariDataSource (HikariPool-1)
[2023-06-02 21:57:27,749] [main] [INFO] - c.m.s.c.ApplicationStartupRunner 45 ----------, [{"columnName":"id","columnType":"BIGINT","javaClassName":"java.lang.Long","remarks":""},{"columnName":"title","columnType":"VARCHAR","javaClassName":"java.lang.String","remarks":""},{"columnName":"content","columnType":"VARCHAR","javaClassName":"java.lang.String","remarks":""},{"columnName":"create_time","columnType":"TIMESTAMP","javaClassName":"java.sql.Timestamp","remarks":""},{"columnName":"update_time","columnType":"TIMESTAMP","javaClassName":"java.sql.Timestamp","remarks":""}]
[2023-06-02 21:57:28,026] [main] [INFO] - c.m.s.c.ApplicationStartupRunner 48 ----------, Display all customers...
[2023-06-02 21:57:28,790] [main] [INFO] - o.h.h.i.QueryTranslatorFactoryInitiator 47 HHH000397: Using ASTQueryTranslatorFactory
[2023-06-02 21:57:36,349] [main] [INFO] - c.m.s.c.ApplicationStartupRunner 83 -----------, noteJson = {"title":"test node 2..","content":"a test","createTime":"Jun 2, 2023 9:55:22 PM","updateTime":"Jun 2, 2023 9:55:22 PM","id":1}
[2023-06-02 21:57:36,350] [main] [INFO] - c.m.s.c.ApplicationStartupRunner 83 -----------, noteJson = {"title":"test node 3..","content":"a test","createTime":"Jun 2, 2023 9:55:22 PM","updateTime":"Jun 2, 2023 9:55:22 PM","id":2}
[2023-06-02 21:57:36,351] [main] [INFO] - c.m.s.c.ApplicationStartupRunner 83 -----------, noteJson = {"title":"test node 2..","content":"a test","createTime":"Jun 2, 2023 9:57:28 PM","updateTime":"Jun 2, 2023 9:57:28 PM","id":3}
[2023-06-02 21:57:36,352] [main] [INFO] - c.m.s.c.ApplicationStartupRunner 83 -----------, noteJson = {"title":"test node 3..","content":"a test","createTime":"Jun 2, 2023 9:57:28 PM","updateTime":"Jun 2, 2023 9:57:28 PM","id":4}
[2023-06-02 22:31:24,080] [Thread-7] [INFO] - o.s.s.c.ThreadPoolTaskExecutor 208 Shutting down ExecutorService 'applicationTaskExecutor'
[2023-06-02 22:31:24,080] [Thread-7] [INFO] - o.s.o.j.LocalContainerEntityManagerFactoryBean 597 Closing JPA EntityManagerFactory for persistence unit 'default'
[2023-06-02 22:31:24,081] [Thread-7] [INFO] - c.z.h.HikariDataSource 317 HikariPool-1 - Shutdown initiated...
[2023-06-02 22:31:24,083] [Thread-7] [INFO] - c.z.h.HikariDataSource 319 HikariPool-1 - Shutdown completed.
[2023-06-02 22:31:32,146] [main] [INFO] - c.m.s.Demo2Application 50 Starting Demo2Application on qiu with PID 613706 (/home/mengka/work_2023/all-tutorial/springboot-mvc-mariadb/target/classes started by mengka in /home/mengka/work_2023/all-tutorial/springboot-mvc-mariadb)
[2023-06-02 22:31:32,148] [main] [INFO] - c.m.s.Demo2Application 675 No active profile set, falling back to default profiles: default
[2023-06-02 22:31:32,510] [main] [INFO] - o.s.d.r.c.RepositoryConfigurationDelegate 126 Bootstrapping Spring Data repositories in DEFAULT mode.
[2023-06-02 22:31:32,547] [main] [INFO] - o.s.d.r.c.RepositoryConfigurationDelegate 182 Finished Spring Data repository scanning in 33ms. Found 1 repository interfaces.
[2023-06-02 22:31:32,761] [main] [INFO] - o.s.c.s.PostProcessorRegistrationDelegate$BeanPostProcessorChecker 330 Bean 'org.springframework.transaction.annotation.ProxyTransactionManagementConfiguration' of type [org.springframework.transaction.annotation.ProxyTransactionManagementConfiguration$$EnhancerBySpringCGLIB$$bc31f81f] is not eligible for getting processed by all BeanPostProcessors (for example: not eligible for auto-proxying)
[2023-06-02 22:31:32,773] [main] [INFO] - o.s.c.s.PostProcessorRegistrationDelegate$BeanPostProcessorChecker 330 Bean 'org.springframework.hateoas.config.HateoasConfiguration' of type [org.springframework.hateoas.config.HateoasConfiguration$$EnhancerBySpringCGLIB$$3bb24551] is not eligible for getting processed by all BeanPostProcessors (for example: not eligible for auto-proxying)
[2023-06-02 22:31:32,973] [main] [INFO] - o.s.b.w.e.t.TomcatWebServer 90 Tomcat initialized with port(s): 8071 (http)
[2023-06-02 22:31:32,981] [main] [INFO] - o.a.c.h.Http11NioProtocol 173 Initializing ProtocolHandler ["http-nio-8071"]
[2023-06-02 22:31:32,986] [main] [INFO] - o.a.c.c.StandardService 173 Starting service [Tomcat]
[2023-06-02 22:31:32,987] [main] [INFO] - o.a.c.c.StandardEngine 173 Starting Servlet Engine: Apache Tomcat/9.0.13
[2023-06-02 22:31:32,991] [main] [INFO] - o.a.c.c.AprLifecycleListener 173 The APR based Apache Tomcat Native library which allows optimal performance in production environments was not found on the java.library.path: [/usr/java/packages/lib/amd64:/usr/lib64:/lib64:/lib:/usr/lib]
[2023-06-02 22:31:33,043] [main] [INFO] - o.a.c.c.C.[.[.[/] 173 Initializing Spring embedded WebApplicationContext
[2023-06-02 22:31:33,044] [main] [INFO] - o.s.w.c.ContextLoader 296 Root WebApplicationContext: initialization completed in 869 ms
[2023-06-02 22:31:33,159] [main] [INFO] - c.z.h.HikariDataSource 95 HikariPool-1 - Starting...
[2023-06-02 22:31:33,220] [main] [INFO] - c.z.h.HikariDataSource 107 HikariPool-1 - Start completed.
[2023-06-02 22:31:33,254] [main] [INFO] - o.h.j.i.u.LogHelper 31 HHH000204: Processing PersistenceUnitInfo [
	name: default
	...]
[2023-06-02 22:31:33,286] [main] [INFO] - o.h.Version 46 HHH000412: Hibernate Core {5.3.7.Final}
[2023-06-02 22:31:33,287] [main] [INFO] - o.h.c.Environment 213 HHH000206: hibernate.properties not found
[2023-06-02 22:31:33,349] [main] [INFO] - o.h.a.c.Version 49 HCANN000001: Hibernate Commons Annotations {5.0.4.Final}
[2023-06-02 22:31:33,423] [main] [INFO] - o.h.d.Dialect 157 HHH000400: Using dialect: org.hibernate.dialect.MariaDB103Dialect
[2023-06-02 22:31:33,732] [main] [INFO] - o.s.o.j.LocalContainerEntityManagerFactoryBean 415 Initialized JPA EntityManagerFactory for persistence unit 'default'
[2023-06-02 22:31:34,213] [main] [INFO] - o.s.s.c.ThreadPoolTaskExecutor 171 Initializing ExecutorService 'applicationTaskExecutor'
[2023-06-02 22:31:34,242] [main] [WARN] - o.s.b.a.o.j.JpaBaseConfiguration$JpaWebConfiguration$JpaWebMvcConfiguration 234 spring.jpa.open-in-view is enabled by default. Therefore, database queries may be performed during view rendering. Explicitly configure spring.jpa.open-in-view to disable this warning
[2023-06-02 22:31:34,527] [main] [INFO] - o.a.c.h.Http11NioProtocol 173 Starting ProtocolHandler ["http-nio-8071"]
[2023-06-02 22:31:34,530] [main] [INFO] - o.a.t.u.n.NioSelectorPool 173 Using a shared selector for servlet write/read
[2023-06-02 22:31:34,538] [main] [INFO] - o.s.b.w.e.t.TomcatWebServer 204 Tomcat started on port(s): 8071 (http) with context path ''
[2023-06-02 22:31:34,540] [main] [INFO] - c.m.s.Demo2Application 59 Started Demo2Application in 2.597 seconds (JVM running for 2.98)
[2023-06-02 22:31:34,541] [main] [INFO] - c.m.s.c.ApplicationStartupRunner 41 ----------, DATASOURCE = HikariDataSource (HikariPool-1)
[2023-06-02 22:31:36,916] [main] [INFO] - c.m.s.c.ApplicationStartupRunner 45 ----------, [{"columnName":"id","columnType":"BIGINT","javaClassName":"java.lang.Long","remarks":""},{"columnName":"title","columnType":"VARCHAR","javaClassName":"java.lang.String","remarks":""},{"columnName":"content","columnType":"VARCHAR","javaClassName":"java.lang.String","remarks":""},{"columnName":"create_time","columnType":"TIMESTAMP","javaClassName":"java.sql.Timestamp","remarks":""},{"columnName":"update_time","columnType":"TIMESTAMP","javaClassName":"java.sql.Timestamp","remarks":""}]
[2023-06-02 22:31:36,916] [main] [INFO] - c.m.s.c.ApplicationStartupRunner 48 ----------, Display all customers...
[2023-06-02 22:31:36,992] [main] [INFO] - o.h.h.i.QueryTranslatorFactoryInitiator 47 HHH000397: Using ASTQueryTranslatorFactory
[2023-06-02 22:31:37,039] [main] [INFO] - c.m.s.c.ApplicationStartupRunner 83 -----------, noteJson = {"title":"test node 2..","content":"a test","createTime":"Jun 2, 2023 9:55:22 PM","updateTime":"Jun 2, 2023 9:55:22 PM","id":1}
[2023-06-02 22:31:37,039] [main] [INFO] - c.m.s.c.ApplicationStartupRunner 83 -----------, noteJson = {"title":"test node 3..","content":"a test","createTime":"Jun 2, 2023 9:55:22 PM","updateTime":"Jun 2, 2023 9:55:22 PM","id":2}
[2023-06-02 22:31:37,040] [main] [INFO] - c.m.s.c.ApplicationStartupRunner 83 -----------, noteJson = {"title":"test node 2..","content":"a test","createTime":"Jun 2, 2023 9:57:28 PM","updateTime":"Jun 2, 2023 9:57:28 PM","id":3}
[2023-06-02 22:31:37,040] [main] [INFO] - c.m.s.c.ApplicationStartupRunner 83 -----------, noteJson = {"title":"test node 3..","content":"a test","createTime":"Jun 2, 2023 9:57:28 PM","updateTime":"Jun 2, 2023 9:57:28 PM","id":4}
[2023-06-02 22:31:37,040] [main] [INFO] - c.m.s.c.ApplicationStartupRunner 83 -----------, noteJson = {"title":"test node 2..","content":"a test","createTime":"Jun 2, 2023 10:31:36 PM","updateTime":"Jun 2, 2023 10:31:36 PM","id":5}
[2023-06-02 22:31:37,040] [main] [INFO] - c.m.s.c.ApplicationStartupRunner 83 -----------, noteJson = {"title":"test node 3..","content":"a test","createTime":"Jun 2, 2023 10:31:36 PM","updateTime":"Jun 2, 2023 10:31:36 PM","id":6}
[2023-06-02 22:32:14,570] [http-nio-8071-exec-1] [INFO] - o.a.c.c.C.[.[.[/] 173 Initializing Spring DispatcherServlet 'dispatcherServlet'
[2023-06-02 22:32:14,570] [http-nio-8071-exec-1] [INFO] - o.s.w.s.DispatcherServlet 524 Initializing Servlet 'dispatcherServlet'
[2023-06-02 22:32:14,578] [http-nio-8071-exec-1] [INFO] - o.s.w.s.DispatcherServlet 546 Completed initialization in 8 ms
[2023-06-02 22:35:59,613] [http-nio-8071-exec-6] [WARN] - o.s.w.s.m.s.DefaultHandlerExceptionResolver 194 Resolved [org.springframework.http.converter.HttpMessageNotReadableException: JSON parse error: Cannot deserialize value of type `java.util.Date` from String "Jun 2, 2023 9:55:22 PM": not a valid representation (error: Failed to parse Date value 'Jun 2, 2023 9:55:22 PM': Cannot parse date "Jun 2, 2023 9:55:22 PM": not compatible with any of standard forms ("yyyy-MM-dd'T'HH:mm:ss.SSSZ", "yyyy-MM-dd'T'HH:mm:ss.SSS", "EEE, dd MMM yyyy HH:mm:ss zzz", "yyyy-MM-dd")); nested exception is com.fasterxml.jackson.databind.exc.InvalidFormatException: Cannot deserialize value of type `java.util.Date` from String "Jun 2, 2023 9:55:22 PM": not a valid representation (error: Failed to parse Date value 'Jun 2, 2023 9:55:22 PM': Cannot parse date "Jun 2, 2023 9:55:22 PM": not compatible with any of standard forms ("yyyy-MM-dd'T'HH:mm:ss.SSSZ", "yyyy-MM-dd'T'HH:mm:ss.SSS", "EEE, dd MMM yyyy HH:mm:ss zzz", "yyyy-MM-dd"))
 at [Source: (PushbackInputStream); line: 3, column: 14] (through reference chain: com.mengka.springboot.domain.Note["createTime"])]
[2023-06-02 22:36:05,705] [http-nio-8071-exec-8] [WARN] - o.s.w.s.m.s.DefaultHandlerExceptionResolver 194 Resolved [org.springframework.http.converter.HttpMessageNotReadableException: JSON parse error: Unexpected character ('}' (code 125)): was expecting double-quote to start field name; nested exception is com.fasterxml.jackson.core.JsonParseException: Unexpected character ('}' (code 125)): was expecting double-quote to start field name
 at [Source: (PushbackInputStream); line: 3, column: 2]]
[2023-06-02 22:37:29,714] [http-nio-8071-exec-3] [WARN] - o.s.w.s.m.s.DefaultHandlerExceptionResolver 194 Resolved [org.springframework.http.converter.HttpMessageNotReadableException: JSON parse error: Cannot deserialize value of type `java.util.Date` from String "2023-06-02 21:57:28": not a valid representation (error: Failed to parse Date value '2023-06-02 21:57:28': Cannot parse date "2023-06-02 21:57:28": while it seems to fit format 'yyyy-MM-dd'T'HH:mm:ss.SSSZ', parsing fails (leniency? null)); nested exception is com.fasterxml.jackson.databind.exc.InvalidFormatException: Cannot deserialize value of type `java.util.Date` from String "2023-06-02 21:57:28": not a valid representation (error: Failed to parse Date value '2023-06-02 21:57:28': Cannot parse date "2023-06-02 21:57:28": while it seems to fit format 'yyyy-MM-dd'T'HH:mm:ss.SSSZ', parsing fails (leniency? null))
 at [Source: (PushbackInputStream); line: 3, column: 14] (through reference chain: com.mengka.springboot.domain.Note["createTime"])]
[2023-06-02 22:38:22,743] [http-nio-8071-exec-5] [WARN] - o.s.w.s.m.s.DefaultHandlerExceptionResolver 194 Resolved [org.springframework.http.converter.HttpMessageNotReadableException: JSON parse error: Cannot deserialize value of type `java.util.Date` from String "2023-06-02 21:57:28.000": not a valid representation (error: Failed to parse Date value '2023-06-02 21:57:28.000': Cannot parse date "2023-06-02 21:57:28.000": while it seems to fit format 'yyyy-MM-dd'T'HH:mm:ss.SSSZ', parsing fails (leniency? null)); nested exception is com.fasterxml.jackson.databind.exc.InvalidFormatException: Cannot deserialize value of type `java.util.Date` from String "2023-06-02 21:57:28.000": not a valid representation (error: Failed to parse Date value '2023-06-02 21:57:28.000': Cannot parse date "2023-06-02 21:57:28.000": while it seems to fit format 'yyyy-MM-dd'T'HH:mm:ss.SSSZ', parsing fails (leniency? null))
 at [Source: (PushbackInputStream); line: 3, column: 14] (through reference chain: com.mengka.springboot.domain.Note["createTime"])]
[2023-06-02 22:41:26,000] [http-nio-8071-exec-4] [WARN] - o.s.w.s.m.s.DefaultHandlerExceptionResolver 194 Resolved [org.springframework.web.HttpRequestMethodNotSupportedException: Request method 'POST' not supported]
[2023-06-02 22:45:27,372] [HikariPool-1 housekeeper] [WARN] - c.z.h.p.HikariPool 676 HikariPool-1 - Thread starvation or clock leap detected (housekeeper delta=54s45ms787µs635ns).
[2023-06-02 22:50:42,900] [Thread-7] [INFO] - o.s.s.c.ThreadPoolTaskExecutor 208 Shutting down ExecutorService 'applicationTaskExecutor'
[2023-06-02 22:50:42,902] [Thread-7] [INFO] - o.s.o.j.LocalContainerEntityManagerFactoryBean 597 Closing JPA EntityManagerFactory for persistence unit 'default'
[2023-06-02 22:50:42,903] [Thread-7] [INFO] - c.z.h.HikariDataSource 317 HikariPool-1 - Shutdown initiated...
[2023-06-02 22:50:42,904] [Thread-7] [INFO] - c.z.h.HikariDataSource 319 HikariPool-1 - Shutdown completed.
[2023-06-02 22:50:46,881] [main] [INFO] - c.m.s.Demo2Application 50 Starting Demo2Application on qiu with PID 774673 (/home/mengka/work_2023/all-tutorial/springboot-mvc-mariadb/target/classes started by mengka in /home/mengka/work_2023/all-tutorial/springboot-mvc-mariadb)
[2023-06-02 22:50:46,884] [main] [INFO] - c.m.s.Demo2Application 675 No active profile set, falling back to default profiles: default
[2023-06-02 22:50:47,315] [main] [INFO] - o.s.d.r.c.RepositoryConfigurationDelegate 126 Bootstrapping Spring Data repositories in DEFAULT mode.
[2023-06-02 22:50:47,352] [main] [INFO] - o.s.d.r.c.RepositoryConfigurationDelegate 182 Finished Spring Data repository scanning in 34ms. Found 1 repository interfaces.
[2023-06-02 22:50:47,577] [main] [INFO] - o.s.c.s.PostProcessorRegistrationDelegate$BeanPostProcessorChecker 330 Bean 'org.springframework.transaction.annotation.ProxyTransactionManagementConfiguration' of type [org.springframework.transaction.annotation.ProxyTransactionManagementConfiguration$$EnhancerBySpringCGLIB$$38f501d] is not eligible for getting processed by all BeanPostProcessors (for example: not eligible for auto-proxying)
[2023-06-02 22:50:47,593] [main] [INFO] - o.s.c.s.PostProcessorRegistrationDelegate$BeanPostProcessorChecker 330 Bean 'org.springframework.hateoas.config.HateoasConfiguration' of type [org.springframework.hateoas.config.HateoasConfiguration$$EnhancerBySpringCGLIB$$830f9d4f] is not eligible for getting processed by all BeanPostProcessors (for example: not eligible for auto-proxying)
[2023-06-02 22:50:47,821] [main] [INFO] - o.s.b.w.e.t.TomcatWebServer 90 Tomcat initialized with port(s): 8071 (http)
[2023-06-02 22:50:47,828] [main] [INFO] - o.a.c.h.Http11NioProtocol 173 Initializing ProtocolHandler ["http-nio-8071"]
[2023-06-02 22:50:47,833] [main] [INFO] - o.a.c.c.StandardService 173 Starting service [Tomcat]
[2023-06-02 22:50:47,833] [main] [INFO] - o.a.c.c.StandardEngine 173 Starting Servlet Engine: Apache Tomcat/9.0.13
[2023-06-02 22:50:47,837] [main] [INFO] - o.a.c.c.AprLifecycleListener 173 The APR based Apache Tomcat Native library which allows optimal performance in production environments was not found on the java.library.path: [/usr/java/packages/lib/amd64:/usr/lib64:/lib64:/lib:/usr/lib]
[2023-06-02 22:50:47,880] [main] [INFO] - o.a.c.c.C.[.[.[/] 173 Initializing Spring embedded WebApplicationContext
[2023-06-02 22:50:47,880] [main] [INFO] - o.s.w.c.ContextLoader 296 Root WebApplicationContext: initialization completed in 968 ms
[2023-06-02 22:50:47,995] [main] [INFO] - c.z.h.HikariDataSource 95 HikariPool-1 - Starting...
[2023-06-02 22:50:48,019] [main] [INFO] - c.z.h.HikariDataSource 107 HikariPool-1 - Start completed.
[2023-06-02 22:50:48,095] [main] [INFO] - o.h.j.i.u.LogHelper 31 HHH000204: Processing PersistenceUnitInfo [
	name: default
	...]
[2023-06-02 22:50:48,127] [main] [INFO] - o.h.Version 46 HHH000412: Hibernate Core {5.3.7.Final}
[2023-06-02 22:50:48,127] [main] [INFO] - o.h.c.Environment 213 HHH000206: hibernate.properties not found
[2023-06-02 22:50:48,187] [main] [INFO] - o.h.a.c.Version 49 HCANN000001: Hibernate Commons Annotations {5.0.4.Final}
[2023-06-02 22:50:48,255] [main] [INFO] - o.h.d.Dialect 157 HHH000400: Using dialect: org.hibernate.dialect.MariaDB103Dialect
[2023-06-02 22:50:48,540] [main] [INFO] - o.s.o.j.LocalContainerEntityManagerFactoryBean 415 Initialized JPA EntityManagerFactory for persistence unit 'default'
[2023-06-02 22:50:49,018] [main] [INFO] - o.s.s.c.ThreadPoolTaskExecutor 171 Initializing ExecutorService 'applicationTaskExecutor'
[2023-06-02 22:50:49,051] [main] [WARN] - o.s.b.a.o.j.JpaBaseConfiguration$JpaWebConfiguration$JpaWebMvcConfiguration 234 spring.jpa.open-in-view is enabled by default. Therefore, database queries may be performed during view rendering. Explicitly configure spring.jpa.open-in-view to disable this warning
[2023-06-02 22:50:49,346] [main] [INFO] - o.a.c.h.Http11NioProtocol 173 Starting ProtocolHandler ["http-nio-8071"]
[2023-06-02 22:50:49,349] [main] [INFO] - o.a.t.u.n.NioSelectorPool 173 Using a shared selector for servlet write/read
[2023-06-02 22:50:49,357] [main] [INFO] - o.s.b.w.e.t.TomcatWebServer 204 Tomcat started on port(s): 8071 (http) with context path ''
[2023-06-02 22:50:49,359] [main] [INFO] - c.m.s.Demo2Application 59 Started Demo2Application in 2.711 seconds (JVM running for 3.133)
[2023-06-02 22:50:49,360] [main] [INFO] - c.m.s.c.ApplicationStartupRunner 41 ----------, DATASOURCE = HikariDataSource (HikariPool-1)
[2023-06-02 22:50:49,366] [main] [INFO] - c.m.s.c.ApplicationStartupRunner 45 ----------, [{"columnName":"id","columnType":"BIGINT","javaClassName":"java.lang.Long","remarks":""},{"columnName":"title","columnType":"VARCHAR","javaClassName":"java.lang.String","remarks":""},{"columnName":"content","columnType":"VARCHAR","javaClassName":"java.lang.String","remarks":""},{"columnName":"create_time","columnType":"TIMESTAMP","javaClassName":"java.sql.Timestamp","remarks":""},{"columnName":"update_time","columnType":"TIMESTAMP","javaClassName":"java.sql.Timestamp","remarks":""}]
[2023-06-02 22:50:49,366] [main] [INFO] - c.m.s.c.ApplicationStartupRunner 48 ----------, Display all customers...
[2023-06-02 22:50:49,423] [main] [INFO] - o.h.h.i.QueryTranslatorFactoryInitiator 47 HHH000397: Using ASTQueryTranslatorFactory
[2023-06-02 22:50:49,470] [main] [INFO] - c.m.s.c.ApplicationStartupRunner 83 -----------, noteJson = {"title":"test node 2..","content":"a test","createTime":"Jun 2, 2023 9:55:22 PM","updateTime":"Jun 2, 2023 9:55:22 PM","id":1}
[2023-06-02 22:50:49,471] [main] [INFO] - c.m.s.c.ApplicationStartupRunner 83 -----------, noteJson = {"title":"test node 3..","content":"a test","createTime":"Jun 2, 2023 9:55:22 PM","updateTime":"Jun 2, 2023 9:55:22 PM","id":2}
[2023-06-02 22:50:49,471] [main] [INFO] - c.m.s.c.ApplicationStartupRunner 83 -----------, noteJson = {"title":"test node 2..","content":"a test","createTime":"Jun 2, 2023 9:57:28 PM","updateTime":"Jun 2, 2023 9:57:28 PM","id":3}
[2023-06-02 22:50:49,471] [main] [INFO] - c.m.s.c.ApplicationStartupRunner 83 -----------, noteJson = {"title":"test node 3..","content":"a test","createTime":"Jun 2, 2023 9:57:28 PM","updateTime":"Jun 2, 2023 9:57:28 PM","id":4}
[2023-06-02 22:50:49,472] [main] [INFO] - c.m.s.c.ApplicationStartupRunner 83 -----------, noteJson = {"title":"test node 2..","content":"a test","createTime":"Jun 2, 2023 10:31:36 PM","updateTime":"Jun 2, 2023 10:31:36 PM","id":5}
[2023-06-02 22:50:49,472] [main] [INFO] - c.m.s.c.ApplicationStartupRunner 83 -----------, noteJson = {"title":"test node 3..","content":"a test","createTime":"Jun 2, 2023 10:31:36 PM","updateTime":"Jun 2, 2023 10:31:36 PM","id":6}
[2023-06-02 22:50:49,472] [main] [INFO] - c.m.s.c.ApplicationStartupRunner 83 -----------, noteJson = {"title":"test node 999..","content":"a test999","createTime":"Jun 2, 2023 10:31:36 PM","updateTime":"Jun 2, 2023 10:44:49 PM","id":8}
[2023-06-02 22:50:49,472] [main] [INFO] - c.m.s.c.ApplicationStartupRunner 83 -----------, noteJson = {"title":"test node 333..","content":"a test333","createTime":"Jun 2, 2023 10:31:36 PM","updateTime":"Jun 2, 2023 10:31:36 PM","id":9}
[2023-06-02 22:50:49,473] [main] [INFO] - c.m.s.c.ApplicationStartupRunner 83 -----------, noteJson = {"title":"test node 2..","content":"a test","createTime":"Jun 2, 2023 10:50:49 PM","updateTime":"Jun 2, 2023 10:50:49 PM","id":10}
[2023-06-02 22:50:49,473] [main] [INFO] - c.m.s.c.ApplicationStartupRunner 83 -----------, noteJson = {"title":"test node 3..","content":"a test","createTime":"Jun 2, 2023 10:50:49 PM","updateTime":"Jun 2, 2023 10:50:49 PM","id":11}
[2023-06-02 22:51:09,002] [http-nio-8071-exec-2] [INFO] - o.a.c.c.C.[.[.[/] 173 Initializing Spring DispatcherServlet 'dispatcherServlet'
[2023-06-02 22:51:09,003] [http-nio-8071-exec-2] [INFO] - o.s.w.s.DispatcherServlet 524 Initializing Servlet 'dispatcherServlet'
[2023-06-02 22:51:09,011] [http-nio-8071-exec-2] [INFO] - o.s.w.s.DispatcherServlet 546 Completed initialization in 8 ms
[2023-06-02 23:13:05,983] [Thread-7] [INFO] - o.s.s.c.ThreadPoolTaskExecutor 208 Shutting down ExecutorService 'applicationTaskExecutor'
[2023-06-02 23:13:05,984] [Thread-7] [INFO] - o.s.o.j.LocalContainerEntityManagerFactoryBean 597 Closing JPA EntityManagerFactory for persistence unit 'default'
[2023-06-02 23:13:05,985] [Thread-7] [INFO] - c.z.h.HikariDataSource 317 HikariPool-1 - Shutdown initiated...
[2023-06-02 23:13:06,076] [Thread-7] [INFO] - c.z.h.HikariDataSource 319 HikariPool-1 - Shutdown completed.
